<?xml version="1.0" encoding="UTF-8"?>
<testsuites name="jest tests" tests="2" failures="0" errors="0" time="0.326">
  <testsuite name="Todo App Basic Tests" errors="0" failures="0" skipped="0" timestamp="2026-05-08T17:19:22" time="0.256" tests="2">
    <testcase classname="Todo App Basic Tests should pass a simple sanity check" name="Todo App Basic Tests should pass a simple sanity check" time="0.002">
    </testcase>
    <testcase classname="Todo App Basic Tests todo item should have a title" name="Todo App Basic Tests todo item should have a title" time="0">
    </testcase>
  </testsuite>
</testsuites>